#
# There is insufficient memory for the Java Runtime Environment to continue.
# Native memory allocation (malloc) failed to allocate 2386928 bytes. Error detail: Chunk::new
# Possible reasons:
#   The system is out of physical RAM or swap space
#   This process is running with CompressedOops enabled, and the Java Heap may be blocking the growth of the native heap
# Possible solutions:
#   Reduce memory load on the system
#   Increase physical memory or swap space
#   Check if swap backing store is full
#   Decrease Java heap size (-Xmx/-Xms)
#   Decrease number of Java threads
#   Decrease Java thread stack sizes (-Xss)
#   Set larger code cache with -XX:ReservedCodeCacheSize=
#   JVM is running with Unscaled Compressed Oops mode in which the Java heap is
#     placed in the first 4GB address space. The Java Heap base address is the
#     maximum limit for the native heap growth. Please use -XX:HeapBaseMinAddress
#     to set the Java Heap base and to place the Java Heap above 4GB virtual address.
# This output file may be truncated or incomplete.
#
#  Out of Memory Error (arena.cpp:191), pid=2320, tid=23792
#
# JRE version: OpenJDK Runtime Environment Temurin-17.0.13+11 (17.0.13+11) (build 17.0.13+11)
# Java VM: OpenJDK 64-Bit Server VM Temurin-17.0.13+11 (17.0.13+11, mixed mode, tiered, compressed oops, compressed class ptrs, parallel gc, windows-amd64)
# No core dump will be written. Minidumps are not enabled by default on client versions of Windows
#

---------------  S U M M A R Y ------------

Command Line: --add-modules=ALL-SYSTEM --add-opens=java.base/java.util=ALL-UNNAMED --add-opens=java.base/java.lang=ALL-UNNAMED --add-opens=java.base/sun.nio.fs=ALL-UNNAMED -Declipse.application=org.eclipse.jdt.ls.core.id1 -Dosgi.bundles.defaultStartLevel=4 -Declipse.product=org.eclipse.jdt.ls.core.product -Djava.import.generatesMetadataFilesAtProjectRoot=false -DDetectVMInstallationsJob.disabled=true -Dfile.encoding=utf8 -XX:+UseParallelGC -XX:GCTimeRatio=4 -XX:AdaptiveSizePolicyWeight=90 -Dsun.zip.disableMemoryMapping=true -Xmx1G -Xms100m -Xlog:disable -javaagent:c:\Users\ingvi\.vscode\extensions\redhat.java-1.36.0-win32-x64\lombok\lombok-1.18.35.jar -XX:+HeapDumpOnOutOfMemoryError -XX:HeapDumpPath=c:\Users\ingvi\AppData\Roaming\Code\User\workspaceStorage\9267769af978df2661b13af518fe3b8c\redhat.java -Daether.dependencyCollector.impl=bf c:\Users\ingvi\.vscode\extensions\redhat.java-1.36.0-win32-x64\server\plugins\org.eclipse.equinox.launcher_1.6.900.v20240613-2009.jar -configuration c:\Users\ingvi\AppData\Roaming\Code\User\globalStorage\redhat.java\1.36.0\config_win -data c:\Users\ingvi\AppData\Roaming\Code\User\workspaceStorage\9267769af978df2661b13af518fe3b8c\redhat.java\jdt_ws --pipe=\\.\pipe\lsp-f395d6ea8205321e1931816c5ca313f2-sock

Host: AMD Ryzen 7 3700U with Radeon Vega Mobile Gfx  , 8 cores, 13G,  Windows 11 , 64 bit Build 22621 (10.0.22621.3958)
Time: Fri Nov  8 11:57:58 2024 W. Europe Standard Time elapsed time: 47.796912 seconds (0d 0h 0m 47s)

---------------  T H R E A D  ---------------

Current thread (0x000001dbd92ba880):  JavaThread "C2 CompilerThread1" daemon [_thread_in_native, id=23792, stack(0x0000009cc2600000,0x0000009cc2700000)]


Current CompileTask:
C2:  47797 12719   !   4       java.nio.file.FileTreeWalker::next (144 bytes)

Stack: [0x0000009cc2600000,0x0000009cc2700000]
Native frames: (J=compiled Java code, j=interpreted, Vv=VM code, C=native code)
V  [jvm.dll+0x682a19]
V  [jvm.dll+0x839538]
V  [jvm.dll+0x83afe3]
V  [jvm.dll+0x83b653]
V  [jvm.dll+0x24704f]
V  [jvm.dll+0xace34]
V  [jvm.dll+0xad4cc]
V  [jvm.dll+0x36597e]
V  [jvm.dll+0x1ba989]
V  [jvm.dll+0x2181a7]
V  [jvm.dll+0x21748f]
V  [jvm.dll+0x1a3070]
V  [jvm.dll+0x22788c]
V  [jvm.dll+0x2259eb]
V  [jvm.dll+0x7eec98]
V  [jvm.dll+0x7e8ffc]
V  [jvm.dll+0x6818f7]
C  [ucrtbase.dll+0x29333]
C  [KERNEL32.DLL+0x1257d]
C  [ntdll.dll+0x5af08]


---------------  P R O C E S S  ---------------

Threads class SMR info:
_java_thread_list=0x000001dbe78be5a0, length=69, elements={
0x000001dbbf09f210, 0x000001dbd2f23020, 0x000001dbd2f238f0, 0x000001dbd2f29dc0,
0x000001dbd2f2b120, 0x000001dbd2f2ca90, 0x000001dbd2f2e390, 0x000001dbd8064a00,
0x000001dbd8065310, 0x000001dbd80664f0, 0x000001dbbf100b70, 0x000001dbd8331ce0,
0x000001dbd9762810, 0x000001dbd9cf5840, 0x000001dbd92e99d0, 0x000001dbd92ea2c0,
0x000001dbd9cc2590, 0x000001dbd9b794a0, 0x000001dbd9b799b0, 0x000001dbd9b7a8e0,
0x000001dbd92ba880, 0x000001dbd9b7b810, 0x000001dbd9b7b300, 0x000001dbd9b78060,
0x000001dbd9b78a80, 0x000001dbd9b78f90, 0x000001dbdaf7fe50, 0x000001dbdaf82be0,
0x000001dbdaf81290, 0x000001dbdaf7f940, 0x000001dbdaf84530, 0x000001dbdaf7ea10,
0x000001dbdaf85970, 0x000001dbdaf84a40, 0x000001dbdaf84f50, 0x000001dbdaf821c0,
0x000001dbdaf7ef20, 0x000001dbdaf830f0, 0x000001dbdaf85e80, 0x000001dbdaf826d0,
0x000001dbdaf80d80, 0x000001dbdaf85460, 0x000001dbdaf81cb0, 0x000001dbdaf80360,
0x000001dbdaf80870, 0x000001dbdaf86390, 0x000001dbd9b7a3d0, 0x000001dbd9b7adf0,
0x000001dbd948bb10, 0x000001dbd948cf50, 0x000001dbd948a6d0, 0x000001dbd948d970,
0x000001dbd948b600, 0x000001dbd948de80, 0x000001dbd948c020, 0x000001dbda654700,
0x000001dbda652db0, 0x000001dbda655b40, 0x000001dbda652390, 0x000001dbda64ebe0,
0x000001dbda64e6d0, 0x000001dbda650f50, 0x000001dbda64fb10, 0x000001dbda6537d0,
0x000001dbda6528a0, 0x000001dbda656050, 0x000001dbda653ce0, 0x000001dbda655120,
0x000001dbda64f0f0
}

Java Threads: ( => current thread )
  0x000001dbbf09f210 JavaThread "main" [_thread_blocked, id=11692, stack(0x0000009cc0700000,0x0000009cc0800000)]
  0x000001dbd2f23020 JavaThread "Reference Handler" daemon [_thread_blocked, id=17764, stack(0x0000009cc0a00000,0x0000009cc0b00000)]
  0x000001dbd2f238f0 JavaThread "Finalizer" daemon [_thread_blocked, id=24276, stack(0x0000009cc0b00000,0x0000009cc0c00000)]
  0x000001dbd2f29dc0 JavaThread "Signal Dispatcher" daemon [_thread_blocked, id=12920, stack(0x0000009cc0c00000,0x0000009cc0d00000)]
  0x000001dbd2f2b120 JavaThread "Attach Listener" daemon [_thread_blocked, id=11556, stack(0x0000009cc0d00000,0x0000009cc0e00000)]
  0x000001dbd2f2ca90 JavaThread "Service Thread" daemon [_thread_blocked, id=23360, stack(0x0000009cc0e00000,0x0000009cc0f00000)]
  0x000001dbd2f2e390 JavaThread "Monitor Deflation Thread" daemon [_thread_blocked, id=24020, stack(0x0000009cc0f00000,0x0000009cc1000000)]
  0x000001dbd8064a00 JavaThread "C2 CompilerThread0" daemon [_thread_in_native, id=26568, stack(0x0000009cc1000000,0x0000009cc1100000)]
  0x000001dbd8065310 JavaThread "C1 CompilerThread0" daemon [_thread_blocked, id=12804, stack(0x0000009cc1100000,0x0000009cc1200000)]
  0x000001dbd80664f0 JavaThread "Sweeper thread" daemon [_thread_blocked, id=17760, stack(0x0000009cc1200000,0x0000009cc1300000)]
  0x000001dbbf100b70 JavaThread "Common-Cleaner" daemon [_thread_blocked, id=7964, stack(0x0000009cc1300000,0x0000009cc1400000)]
  0x000001dbd8331ce0 JavaThread "Notification Thread" daemon [_thread_blocked, id=20932, stack(0x0000009cc1400000,0x0000009cc1500000)]
  0x000001dbd9762810 JavaThread "Active Thread: Equinox Container: 5ee89f7d-34a1-4883-a526-7c24ef4ddf43" [_thread_blocked, id=19196, stack(0x0000009cc1e00000,0x0000009cc1f00000)]
  0x000001dbd9cf5840 JavaThread "Refresh Thread: Equinox Container: 5ee89f7d-34a1-4883-a526-7c24ef4ddf43" daemon [_thread_blocked, id=27136, stack(0x0000009cc1c00000,0x0000009cc1d00000)]
  0x000001dbd92e99d0 JavaThread "Framework Event Dispatcher: Equinox Container: 5ee89f7d-34a1-4883-a526-7c24ef4ddf43" daemon [_thread_blocked, id=19296, stack(0x0000009cc1d00000,0x0000009cc1e00000)]
  0x000001dbd92ea2c0 JavaThread "Start Level: Equinox Container: 5ee89f7d-34a1-4883-a526-7c24ef4ddf43" daemon [_thread_blocked, id=27480, stack(0x0000009cc1f00000,0x0000009cc2000000)]
  0x000001dbd9cc2590 JavaThread "Bundle File Closer" daemon [_thread_blocked, id=18428, stack(0x0000009cc2200000,0x0000009cc2300000)]
  0x000001dbd9b794a0 JavaThread "SCR Component Actor" daemon [_thread_blocked, id=14832, stack(0x0000009cc2100000,0x0000009cc2200000)]
  0x000001dbd9b799b0 JavaThread "Worker-JM" [_thread_blocked, id=23680, stack(0x0000009cc2500000,0x0000009cc2600000)]
  0x000001dbd9b7a8e0 JavaThread "JNA Cleaner" daemon [_thread_blocked, id=2220, stack(0x0000009cc2400000,0x0000009cc2500000)]
=>0x000001dbd92ba880 JavaThread "C2 CompilerThread1" daemon [_thread_in_native, id=23792, stack(0x0000009cc2600000,0x0000009cc2700000)]
  0x000001dbd9b7b810 JavaThread "Worker-0" [_thread_blocked, id=11764, stack(0x0000009cc2800000,0x0000009cc2900000)]
  0x000001dbd9b7b300 JavaThread "Worker-1" [_thread_blocked, id=26424, stack(0x0000009cc2900000,0x0000009cc2a00000)]
  0x000001dbd9b78060 JavaThread "Worker-2" [_thread_blocked, id=5668, stack(0x0000009cc2700000,0x0000009cc2800000)]
  0x000001dbd9b78a80 JavaThread "Java indexing" daemon [_thread_in_vm, id=17076, stack(0x0000009cc2a00000,0x0000009cc2b00000)]
  0x000001dbd9b78f90 JavaThread "Worker-3: Java indexing... " [_thread_blocked, id=14000, stack(0x0000009cc2b00000,0x0000009cc2c00000)]
  0x000001dbdaf7fe50 JavaThread "Worker-4" [_thread_blocked, id=19972, stack(0x0000009cc2c00000,0x0000009cc2d00000)]
  0x000001dbdaf82be0 JavaThread "Thread-2" daemon [_thread_in_native, id=15044, stack(0x0000009cc2d00000,0x0000009cc2e00000)]
  0x000001dbdaf81290 JavaThread "Thread-3" daemon [_thread_in_native, id=19204, stack(0x0000009cc2e00000,0x0000009cc2f00000)]
  0x000001dbdaf7f940 JavaThread "Thread-4" daemon [_thread_in_native, id=5272, stack(0x0000009cc2f00000,0x0000009cc3000000)]
  0x000001dbdaf84530 JavaThread "Worker-5" [_thread_blocked, id=26664, stack(0x0000009cc3000000,0x0000009cc3100000)]
  0x000001dbdaf7ea10 JavaThread "Thread-5" daemon [_thread_in_native, id=27236, stack(0x0000009cc3100000,0x0000009cc3200000)]
  0x000001dbdaf85970 JavaThread "Thread-6" daemon [_thread_in_native, id=19824, stack(0x0000009cc3200000,0x0000009cc3300000)]
  0x000001dbdaf84a40 JavaThread "Thread-7" daemon [_thread_in_native, id=26188, stack(0x0000009cc3300000,0x0000009cc3400000)]
  0x000001dbdaf84f50 JavaThread "Thread-8" daemon [_thread_in_native, id=18200, stack(0x0000009cc3400000,0x0000009cc3500000)]
  0x000001dbdaf821c0 JavaThread "Thread-9" daemon [_thread_in_native, id=24700, stack(0x0000009cc3500000,0x0000009cc3600000)]
  0x000001dbdaf7ef20 JavaThread "Thread-10" daemon [_thread_in_native, id=18812, stack(0x0000009cc3600000,0x0000009cc3700000)]
  0x000001dbdaf830f0 JavaThread "Worker-6: Building" [_thread_blocked, id=15084, stack(0x0000009cc3700000,0x0000009cc3800000)]
  0x000001dbdaf85e80 JavaThread "pool-2-thread-1" [_thread_blocked, id=25860, stack(0x0000009cc3800000,0x0000009cc3900000)]
  0x000001dbdaf826d0 JavaThread "Worker-7" [_thread_blocked, id=19496, stack(0x0000009cc3900000,0x0000009cc3a00000)]
  0x000001dbdaf80d80 JavaThread "WorkspaceEventsHandler" [_thread_blocked, id=2064, stack(0x0000009cc3a00000,0x0000009cc3b00000)]
  0x000001dbdaf85460 JavaThread "pool-1-thread-1" [_thread_blocked, id=868, stack(0x0000009cc3b00000,0x0000009cc3c00000)]
  0x000001dbdaf81cb0 JavaThread "LocalFile Deleter" daemon [_thread_blocked, id=25092, stack(0x0000009cc3d00000,0x0000009cc3e00000)]
  0x000001dbdaf80360 JavaThread "LocalFile Deleter" daemon [_thread_blocked, id=17176, stack(0x0000009cc3e00000,0x0000009cc3f00000)]
  0x000001dbdaf80870 JavaThread "Compiler Source File Reader" daemon [_thread_blocked, id=22076, stack(0x0000009cc3f00000,0x0000009cc4000000)]
  0x000001dbdaf86390 JavaThread "Compiler Source File Reader" daemon [_thread_blocked, id=27140, stack(0x0000009cc4000000,0x0000009cc4100000)]
  0x000001dbd9b7a3d0 JavaThread "Compiler Source File Reader" daemon [_thread_blocked, id=11412, stack(0x0000009cc4100000,0x0000009cc4200000)]
  0x000001dbd9b7adf0 JavaThread "Compiler Processing Task" daemon [_thread_blocked, id=26172, stack(0x0000009cc4200000,0x0000009cc4300000)]
  0x000001dbd948bb10 JavaThread "Compiler Class File Writer" daemon [_thread_blocked, id=8652, stack(0x0000009cc4300000,0x0000009cc4400000)]
  0x000001dbd948cf50 JavaThread "Compiler Class File Writer" daemon [_thread_blocked, id=7640, stack(0x0000009cc4400000,0x0000009cc4500000)]
  0x000001dbd948a6d0 JavaThread "Compiler Class File Writer" daemon [_thread_blocked, id=20404, stack(0x0000009cc4500000,0x0000009cc4600000)]
  0x000001dbd948d970 JavaThread "Compiler Source File Reader" daemon [_thread_blocked, id=17688, stack(0x0000009cc4600000,0x0000009cc4700000)]
  0x000001dbd948b600 JavaThread "Compiler Source File Reader" daemon [_thread_blocked, id=15980, stack(0x0000009cc4700000,0x0000009cc4800000)]
  0x000001dbd948de80 JavaThread "Compiler Class File Writer" daemon [_thread_blocked, id=22304, stack(0x0000009cc4800000,0x0000009cc4900000)]
  0x000001dbd948c020 JavaThread "Compiler Class File Writer" daemon [_thread_blocked, id=14416, stack(0x0000009cc4900000,0x0000009cc4a00000)]
  0x000001dbda654700 JavaThread "LocalFile Deleter" daemon [_thread_blocked, id=25036, stack(0x0000009cc3c00000,0x0000009cc3d00000)]
  0x000001dbda652db0 JavaThread "LocalFile Deleter" daemon [_thread_blocked, id=13388, stack(0x0000009cc4a00000,0x0000009cc4b00000)]
  0x000001dbda655b40 JavaThread "LocalFile Deleter" daemon [_thread_blocked, id=12108, stack(0x0000009cc4b00000,0x0000009cc4c00000)]
  0x000001dbda652390 JavaThread "LocalFile Deleter" daemon [_thread_blocked, id=2108, stack(0x0000009cc4c00000,0x0000009cc4d00000)]
  0x000001dbda64ebe0 JavaThread "LocalFile Deleter" daemon [_thread_blocked, id=24880, stack(0x0000009cc4d00000,0x0000009cc4e00000)]
  0x000001dbda64e6d0 JavaThread "LocalFile Deleter" daemon [_thread_blocked, id=27624, stack(0x0000009cc4e00000,0x0000009cc4f00000)]
  0x000001dbda650f50 JavaThread "Compiler Source File Reader" daemon [_thread_blocked, id=23964, stack(0x0000009cc4f00000,0x0000009cc5000000)]
  0x000001dbda64fb10 JavaThread "Compiler Class File Writer" daemon [_thread_blocked, id=7044, stack(0x0000009cc5000000,0x0000009cc5100000)]
  0x000001dbda6537d0 JavaThread "SCR Component Registry" daemon [_thread_blocked, id=18876, stack(0x0000009cc5100000,0x0000009cc5200000)]
  0x000001dbda6528a0 JavaThread "ParallelDescriptorResolver-7-0" daemon [_thread_in_Java, id=4340, stack(0x0000009cc5200000,0x0000009cc5300000)]
  0x000001dbda656050 JavaThread "ParallelDescriptorResolver-7-1" daemon [_thread_in_Java, id=21088, stack(0x0000009cc5300000,0x0000009cc5400000)]
  0x000001dbda653ce0 JavaThread "ParallelDescriptorResolver-7-2" daemon [_thread_new, id=26576, stack(0x0000000000000000,0x0000000000000000)]
  0x000001dbda655120 JavaThread "ParallelDescriptorResolver-7-3" daemon [_thread_blocked, id=17680, stack(0x0000009cc5500000,0x0000009cc5600000)]
  0x000001dbda64f0f0 JavaThread "ParallelDescriptorResolver-7-4" daemon [_thread_blocked, id=24492, stack(0x0000009cc5600000,0x0000009cc5700000)]

Other Threads:
  0x000001dbd2e17750 VMThread "VM Thread" [stack: 0x0000009cc0900000,0x0000009cc0a00000] [id=22776]
  0x000001dbd83321c0 WatcherThread [stack: 0x0000009cc1500000,0x0000009cc1600000] [id=25612]
  0x000001dbbf0b4990 GCTaskThread "GC Thread#0" [stack: 0x0000009cc0800000,0x0000009cc0900000] [id=16144]
  0x000001dbd966cd00 GCTaskThread "GC Thread#1" [stack: 0x0000009cc1600000,0x0000009cc1700000] [id=11052]
  0x000001dbd97a5b00 GCTaskThread "GC Thread#2" [stack: 0x0000009cc1700000,0x0000009cc1800000] [id=25124]
  0x000001dbd98212b0 GCTaskThread "GC Thread#3" [stack: 0x0000009cc1800000,0x0000009cc1900000] [id=18144]
  0x000001dbd9821570 GCTaskThread "GC Thread#4" [stack: 0x0000009cc1900000,0x0000009cc1a00000] [id=27476]
  0x000001dbd94674e0 GCTaskThread "GC Thread#5" [stack: 0x0000009cc1a00000,0x0000009cc1b00000] [id=24608]
  0x000001dbd94677a0 GCTaskThread "GC Thread#6" [stack: 0x0000009cc1b00000,0x0000009cc1c00000] [id=15792]
  0x000001dbbceea460 GCTaskThread "GC Thread#7" [stack: 0x0000009cc2000000,0x0000009cc2100000] [id=25248]

Threads with active compile tasks:
C2 CompilerThread0    47922 12801       4       org.eclipse.sisu.inject.LocatedBeans$Itr::hasNext (169 bytes)
C2 CompilerThread1    47923 12719   !   4       java.nio.file.FileTreeWalker::next (144 bytes)

VM state: not at safepoint (normal execution)

VM Mutex/Monitor currently owned by a thread: None

Heap address: 0x00000000c0000000, size: 1024 MB, Compressed Oops mode: 32-bit

CDS archive(s) not mapped
Compressed class space mapped at: 0x0000000100000000-0x0000000140000000, reserved size: 1073741824
Narrow klass base: 0x0000000000000000, Narrow klass shift: 3, Narrow klass range: 0x140000000

GC Precious Log:
 CPUs: 8 total, 8 available
 Memory: 14210M
 Large Page Support: Disabled
 NUMA Support: Disabled
 Compressed Oops: Enabled (32-bit)
 Alignments: Space 512K, Generation 512K, Heap 2M
 Heap Min Capacity: 100M
 Heap Initial Capacity: 100M
 Heap Max Capacity: 1G
 Pre-touch: Disabled
 Parallel Workers: 8

Heap:
 PSYoungGen      total 32768K, used 16810K [0x00000000eab00000, 0x00000000ed580000, 0x0000000100000000)
  eden space 23040K, 30% used [0x00000000eab00000,0x00000000eb1ec7d8,0x00000000ec180000)
  from space 9728K, 99% used [0x00000000ec280000,0x00000000ecbfe1b0,0x00000000ecc00000)
  to   space 9216K, 0% used [0x00000000ecc80000,0x00000000ecc80000,0x00000000ed580000)
 ParOldGen       total 280064K, used 274612K [0x00000000c0000000, 0x00000000d1180000, 0x00000000eab00000)
  object space 280064K, 98% used [0x00000000c0000000,0x00000000d0c2d208,0x00000000d1180000)
 Metaspace       used 79531K, committed 80960K, reserved 1179648K
  class space    used 8498K, committed 9088K, reserved 1048576K

Card table byte_map: [0x000001dbbea50000,0x000001dbbec60000] _byte_map_base: 0x000001dbbe450000

Marking Bits: (ParMarkBitMap*) 0x00007ff9eb0a6940
 Begin Bits: [0x000001dbd0d30000, 0x000001dbd1d30000)
 End Bits:   [0x000001dbd1d30000, 0x000001dbd2d30000)

Polling page: 0x000001dbbd090000

Metaspace:

Usage:
  Non-class:     69.37 MB used.
      Class:      8.30 MB used.
       Both:     77.67 MB used.

Virtual space:
  Non-class space:      128.00 MB reserved,      70.19 MB ( 55%) committed,  2 nodes.
      Class space:        1.00 GB reserved,       8.88 MB ( <1%) committed,  1 nodes.
             Both:        1.12 GB reserved,      79.06 MB (  7%) committed. 

Chunk freelists:
   Non-Class:  9.74 MB
       Class:  7.07 MB
        Both:  16.80 MB

MaxMetaspaceSize: unlimited
CompressedClassSpaceSize: 1.00 GB
Initial GC threshold: 21.00 MB
Current GC threshold: 131.06 MB
CDS: off
MetaspaceReclaimPolicy: balanced
 - commit_granule_bytes: 65536.
 - commit_granule_words: 8192.
 - virtual_space_node_default_size: 8388608.
 - enlarge_chunks_in_place: 1.
 - new_chunks_are_fully_committed: 0.
 - uncommit_free_chunks: 1.
 - use_allocation_guard: 0.
 - handle_deallocations: 1.


Internal statistics:

num_allocs_failed_limit: 9.
num_arena_births: 1220.
num_arena_deaths: 18.
num_vsnodes_births: 3.
num_vsnodes_deaths: 0.
num_space_committed: 1265.
num_space_uncommitted: 0.
num_chunks_returned_to_freelist: 29.
num_chunks_taken_from_freelist: 4630.
num_chunk_merges: 15.
num_chunk_splits: 2707.
num_chunks_enlarged: 1325.
num_inconsistent_stats: 0.

CodeHeap 'non-profiled nmethods': size=120000Kb used=5195Kb max_used=5195Kb free=114805Kb
 bounds [0x000001dbc9800000, 0x000001dbc9d20000, 0x000001dbd0d30000]
CodeHeap 'profiled nmethods': size=120000Kb used=22179Kb max_used=22179Kb free=97820Kb
 bounds [0x000001dbc1d30000, 0x000001dbc32e0000, 0x000001dbc9260000]
CodeHeap 'non-nmethods': size=5760Kb used=1760Kb max_used=1825Kb free=3999Kb
 bounds [0x000001dbc9260000, 0x000001dbc94d0000, 0x000001dbc9800000]
 total_blobs=11752 nmethods=10886 adapters=777
 compilation: enabled
              stopped_count=0, restarted_count=0
 full_count=0

Compilation events (20 events):
Event: 47.759 Thread 0x000001dbd8065310 12888       2       org.apache.maven.lifecycle.internal.DefaultMojoExecutionConfigurator$$Lambda$597/0x00000001007fc690::test (12 bytes)
Event: 47.759 Thread 0x000001dbd8065310 nmethod 12888 0x000001dbc32c9110 code [0x000001dbc32c92c0, 0x000001dbc32c9448]
Event: 47.760 Thread 0x000001dbd8065310 12893       2       org.apache.maven.artifact.DefaultArtifact::hashCode (88 bytes)
Event: 47.762 Thread 0x000001dbd8065310 nmethod 12893 0x000001dbc32c9510 code [0x000001dbc32c96e0, 0x000001dbc32c9928]
Event: 47.763 Thread 0x000001dbd8065310 12894       3       com.google.common.base.Preconditions::checkArgument (25 bytes)
Event: 47.763 Thread 0x000001dbd8065310 nmethod 12894 0x000001dbc32c9b10 code [0x000001dbc32c9ce0, 0x000001dbc32ca0b8]
Event: 47.763 Thread 0x000001dbd8065310 12892       2       java.lang.reflect.Method::getDefaultValue (110 bytes)
Event: 47.765 Thread 0x000001dbd8065310 nmethod 12892 0x000001dbc32ca210 code [0x000001dbc32ca480, 0x000001dbc32caaf8]
Event: 47.767 Thread 0x000001dbd8065310 12895       2       org.eclipse.sisu.plexus.RealmFilteredBeans$FilteredItr::next (5 bytes)
Event: 47.768 Thread 0x000001dbd8065310 nmethod 12895 0x000001dbc32caf90 code [0x000001dbc32cb140, 0x000001dbc32cb358]
Event: 47.768 Thread 0x000001dbd8065310 12896       2       org.eclipse.sisu.plexus.RealmFilteredBeans$FilteredItr::next (27 bytes)
Event: 47.769 Thread 0x000001dbd8065310 nmethod 12896 0x000001dbc32cb490 code [0x000001dbc32cb640, 0x000001dbc32cb858]
Event: 47.773 Thread 0x000001dbd8065310 12897       3       java.util.TreeSet::add (22 bytes)
Event: 47.774 Thread 0x000001dbd8065310 nmethod 12897 0x000001dbc32cb990 code [0x000001dbc32cbb40, 0x000001dbc32cbd68]
Event: 47.775 Thread 0x000001dbd8065310 12898       2       org.codehaus.plexus.util.MatchPattern::matchPath (26 bytes)
Event: 47.776 Thread 0x000001dbd8065310 nmethod 12898 0x000001dbc32cbe10 code [0x000001dbc32cbfe0, 0x000001dbc32cc258]
Event: 47.776 Thread 0x000001dbd8065310 12900       2       org.codehaus.plexus.util.SelectorUtils::match (520 bytes)
Event: 47.779 Thread 0x000001dbd8065310 nmethod 12900 0x000001dbc32cc410 code [0x000001dbc32cc680, 0x000001dbc32cd2f8]
Event: 47.780 Thread 0x000001dbd8065310 12899       2       org.codehaus.plexus.util.SelectorUtils::matchAntPathPattern (423 bytes)
Event: 47.785 Thread 0x000001dbd8065310 nmethod 12899 0x000001dbc32cd990 code [0x000001dbc32cdc00, 0x000001dbc32ce9a8]

GC Heap History (20 events):
Event: 46.417 GC heap before
{Heap before GC invocations=222 (full 11):
 PSYoungGen      total 19456K, used 19405K [0x00000000eab00000, 0x00000000ec600000, 0x0000000100000000)
  eden space 12800K, 100% used [0x00000000eab00000,0x00000000eb780000,0x00000000eb780000)
  from space 6656K, 99% used [0x00000000ebe80000,0x00000000ec4f3430,0x00000000ec500000)
  to   space 7168K, 0% used [0x00000000eb780000,0x00000000eb780000,0x00000000ebe80000)
 ParOldGen       total 280064K, used 248817K [0x00000000c0000000, 0x00000000d1180000, 0x00000000eab00000)
  object space 280064K, 88% used [0x00000000c0000000,0x00000000cf2fc788,0x00000000d1180000)
 Metaspace       used 79415K, committed 80832K, reserved 1179648K
  class space    used 8496K, committed 9088K, reserved 1048576K
}
Event: 46.425 GC heap after
{Heap after GC invocations=222 (full 11):
 PSYoungGen      total 19968K, used 7144K [0x00000000eab00000, 0x00000000ecb80000, 0x0000000100000000)
  eden space 12800K, 0% used [0x00000000eab00000,0x00000000eab00000,0x00000000eb780000)
  from space 7168K, 99% used [0x00000000eb780000,0x00000000ebe7a2e8,0x00000000ebe80000)
  to   space 9728K, 0% used [0x00000000ec200000,0x00000000ec200000,0x00000000ecb80000)
 ParOldGen       total 280064K, used 250732K [0x00000000c0000000, 0x00000000d1180000, 0x00000000eab00000)
  object space 280064K, 89% used [0x00000000c0000000,0x00000000cf4db098,0x00000000d1180000)
 Metaspace       used 79415K, committed 80832K, reserved 1179648K
  class space    used 8496K, committed 9088K, reserved 1048576K
}
Event: 46.532 GC heap before
{Heap before GC invocations=223 (full 11):
 PSYoungGen      total 19968K, used 19944K [0x00000000eab00000, 0x00000000ecb80000, 0x0000000100000000)
  eden space 12800K, 100% used [0x00000000eab00000,0x00000000eb780000,0x00000000eb780000)
  from space 7168K, 99% used [0x00000000eb780000,0x00000000ebe7a2e8,0x00000000ebe80000)
  to   space 9728K, 0% used [0x00000000ec200000,0x00000000ec200000,0x00000000ecb80000)
 ParOldGen       total 280064K, used 250732K [0x00000000c0000000, 0x00000000d1180000, 0x00000000eab00000)
  object space 280064K, 89% used [0x00000000c0000000,0x00000000cf4db098,0x00000000d1180000)
 Metaspace       used 79437K, committed 80896K, reserved 1179648K
  class space    used 8496K, committed 9088K, reserved 1048576K
}
Event: 46.544 GC heap after
{Heap after GC invocations=223 (full 11):
 PSYoungGen      total 20480K, used 6476K [0x00000000eab00000, 0x00000000ec880000, 0x0000000100000000)
  eden space 13824K, 0% used [0x00000000eab00000,0x00000000eab00000,0x00000000eb880000)
  from space 6656K, 97% used [0x00000000ec200000,0x00000000ec853218,0x00000000ec880000)
  to   space 7680K, 0% used [0x00000000eb980000,0x00000000eb980000,0x00000000ec100000)
 ParOldGen       total 280064K, used 253410K [0x00000000c0000000, 0x00000000d1180000, 0x00000000eab00000)
  object space 280064K, 90% used [0x00000000c0000000,0x00000000cf7788c8,0x00000000d1180000)
 Metaspace       used 79437K, committed 80896K, reserved 1179648K
  class space    used 8496K, committed 9088K, reserved 1048576K
}
Event: 46.629 GC heap before
{Heap before GC invocations=224 (full 11):
 PSYoungGen      total 20480K, used 20300K [0x00000000eab00000, 0x00000000ec880000, 0x0000000100000000)
  eden space 13824K, 100% used [0x00000000eab00000,0x00000000eb880000,0x00000000eb880000)
  from space 6656K, 97% used [0x00000000ec200000,0x00000000ec853218,0x00000000ec880000)
  to   space 7680K, 0% used [0x00000000eb980000,0x00000000eb980000,0x00000000ec100000)
 ParOldGen       total 280064K, used 253410K [0x00000000c0000000, 0x00000000d1180000, 0x00000000eab00000)
  object space 280064K, 90% used [0x00000000c0000000,0x00000000cf7788c8,0x00000000d1180000)
 Metaspace       used 79447K, committed 80896K, reserved 1179648K
  class space    used 8496K, committed 9088K, reserved 1048576K
}
Event: 46.638 GC heap after
{Heap after GC invocations=224 (full 11):
 PSYoungGen      total 22528K, used 7676K [0x00000000eab00000, 0x00000000ecd00000, 0x0000000100000000)
  eden space 14848K, 0% used [0x00000000eab00000,0x00000000eab00000,0x00000000eb980000)
  from space 7680K, 99% used [0x00000000eb980000,0x00000000ec0ff3d0,0x00000000ec100000)
  to   space 9728K, 0% used [0x00000000ec380000,0x00000000ec380000,0x00000000ecd00000)
 ParOldGen       total 280064K, used 254726K [0x00000000c0000000, 0x00000000d1180000, 0x00000000eab00000)
  object space 280064K, 90% used [0x00000000c0000000,0x00000000cf8c1a20,0x00000000d1180000)
 Metaspace       used 79447K, committed 80896K, reserved 1179648K
  class space    used 8496K, committed 9088K, reserved 1048576K
}
Event: 46.712 GC heap before
{Heap before GC invocations=225 (full 11):
 PSYoungGen      total 22528K, used 22524K [0x00000000eab00000, 0x00000000ecd00000, 0x0000000100000000)
  eden space 14848K, 100% used [0x00000000eab00000,0x00000000eb980000,0x00000000eb980000)
  from space 7680K, 99% used [0x00000000eb980000,0x00000000ec0ff3d0,0x00000000ec100000)
  to   space 9728K, 0% used [0x00000000ec380000,0x00000000ec380000,0x00000000ecd00000)
 ParOldGen       total 280064K, used 254726K [0x00000000c0000000, 0x00000000d1180000, 0x00000000eab00000)
  object space 280064K, 90% used [0x00000000c0000000,0x00000000cf8c1a20,0x00000000d1180000)
 Metaspace       used 79454K, committed 80896K, reserved 1179648K
  class space    used 8496K, committed 9088K, reserved 1048576K
}
Event: 46.722 GC heap after
{Heap after GC invocations=225 (full 11):
 PSYoungGen      total 24064K, used 7623K [0x00000000eab00000, 0x00000000ecb00000, 0x0000000100000000)
  eden space 16384K, 0% used [0x00000000eab00000,0x00000000eab00000,0x00000000ebb00000)
  from space 7680K, 99% used [0x00000000ec380000,0x00000000ecaf1dd8,0x00000000ecb00000)
  to   space 8192K, 0% used [0x00000000ebb00000,0x00000000ebb00000,0x00000000ec300000)
 ParOldGen       total 280064K, used 257730K [0x00000000c0000000, 0x00000000d1180000, 0x00000000eab00000)
  object space 280064K, 92% used [0x00000000c0000000,0x00000000cfbb08c8,0x00000000d1180000)
 Metaspace       used 79454K, committed 80896K, reserved 1179648K
  class space    used 8496K, committed 9088K, reserved 1048576K
}
Event: 46.805 GC heap before
{Heap before GC invocations=226 (full 11):
 PSYoungGen      total 24064K, used 24007K [0x00000000eab00000, 0x00000000ecb00000, 0x0000000100000000)
  eden space 16384K, 100% used [0x00000000eab00000,0x00000000ebb00000,0x00000000ebb00000)
  from space 7680K, 99% used [0x00000000ec380000,0x00000000ecaf1dd8,0x00000000ecb00000)
  to   space 8192K, 0% used [0x00000000ebb00000,0x00000000ebb00000,0x00000000ec300000)
 ParOldGen       total 280064K, used 257730K [0x00000000c0000000, 0x00000000d1180000, 0x00000000eab00000)
  object space 280064K, 92% used [0x00000000c0000000,0x00000000cfbb08c8,0x00000000d1180000)
 Metaspace       used 79454K, committed 80896K, reserved 1179648K
  class space    used 8496K, committed 9088K, reserved 1048576K
}
Event: 46.816 GC heap after
{Heap after GC invocations=226 (full 11):
 PSYoungGen      total 24576K, used 8178K [0x00000000eab00000, 0x00000000ed280000, 0x0000000100000000)
  eden space 16384K, 0% used [0x00000000eab00000,0x00000000eab00000,0x00000000ebb00000)
  from space 8192K, 99% used [0x00000000ebb00000,0x00000000ec2fc918,0x00000000ec300000)
  to   space 11264K, 0% used [0x00000000ec780000,0x00000000ec780000,0x00000000ed280000)
 ParOldGen       total 280064K, used 260104K [0x00000000c0000000, 0x00000000d1180000, 0x00000000eab00000)
  object space 280064K, 92% used [0x00000000c0000000,0x00000000cfe02138,0x00000000d1180000)
 Metaspace       used 79454K, committed 80896K, reserved 1179648K
  class space    used 8496K, committed 9088K, reserved 1048576K
}
Event: 46.890 GC heap before
{Heap before GC invocations=227 (full 11):
 PSYoungGen      total 24576K, used 24562K [0x00000000eab00000, 0x00000000ed280000, 0x0000000100000000)
  eden space 16384K, 100% used [0x00000000eab00000,0x00000000ebb00000,0x00000000ebb00000)
  from space 8192K, 99% used [0x00000000ebb00000,0x00000000ec2fc918,0x00000000ec300000)
  to   space 11264K, 0% used [0x00000000ec780000,0x00000000ec780000,0x00000000ed280000)
 ParOldGen       total 280064K, used 260104K [0x00000000c0000000, 0x00000000d1180000, 0x00000000eab00000)
  object space 280064K, 92% used [0x00000000c0000000,0x00000000cfe02138,0x00000000d1180000)
 Metaspace       used 79458K, committed 80896K, reserved 1179648K
  class space    used 8496K, committed 9088K, reserved 1048576K
}
Event: 46.902 GC heap after
{Heap after GC invocations=227 (full 11):
 PSYoungGen      total 27136K, used 8666K [0x00000000eab00000, 0x00000000ed000000, 0x0000000100000000)
  eden space 18432K, 0% used [0x00000000eab00000,0x00000000eab00000,0x00000000ebd00000)
  from space 8704K, 99% used [0x00000000ec780000,0x00000000ecff6a88,0x00000000ed000000)
  to   space 9728K, 0% used [0x00000000ebd00000,0x00000000ebd00000,0x00000000ec680000)
 ParOldGen       total 280064K, used 263036K [0x00000000c0000000, 0x00000000d1180000, 0x00000000eab00000)
  object space 280064K, 93% used [0x00000000c0000000,0x00000000d00df048,0x00000000d1180000)
 Metaspace       used 79458K, committed 80896K, reserved 1179648K
  class space    used 8496K, committed 9088K, reserved 1048576K
}
Event: 47.048 GC heap before
{Heap before GC invocations=228 (full 11):
 PSYoungGen      total 27136K, used 27098K [0x00000000eab00000, 0x00000000ed000000, 0x0000000100000000)
  eden space 18432K, 100% used [0x00000000eab00000,0x00000000ebd00000,0x00000000ebd00000)
  from space 8704K, 99% used [0x00000000ec780000,0x00000000ecff6a88,0x00000000ed000000)
  to   space 9728K, 0% used [0x00000000ebd00000,0x00000000ebd00000,0x00000000ec680000)
 ParOldGen       total 280064K, used 263036K [0x00000000c0000000, 0x00000000d1180000, 0x00000000eab00000)
  object space 280064K, 93% used [0x00000000c0000000,0x00000000d00df048,0x00000000d1180000)
 Metaspace       used 79463K, committed 80896K, reserved 1179648K
  class space    used 8496K, committed 9088K, reserved 1048576K
}
Event: 47.059 GC heap after
{Heap after GC invocations=228 (full 11):
 PSYoungGen      total 28160K, used 9726K [0x00000000eab00000, 0x00000000ed500000, 0x0000000100000000)
  eden space 18432K, 0% used [0x00000000eab00000,0x00000000eab00000,0x00000000ebd00000)
  from space 9728K, 99% used [0x00000000ebd00000,0x00000000ec67f838,0x00000000ec680000)
  to   space 11264K, 0% used [0x00000000eca00000,0x00000000eca00000,0x00000000ed500000)
 ParOldGen       total 280064K, used 264175K [0x00000000c0000000, 0x00000000d1180000, 0x00000000eab00000)
  object space 280064K, 94% used [0x00000000c0000000,0x00000000d01fbe50,0x00000000d1180000)
 Metaspace       used 79463K, committed 80896K, reserved 1179648K
  class space    used 8496K, committed 9088K, reserved 1048576K
}
Event: 47.194 GC heap before
{Heap before GC invocations=229 (full 11):
 PSYoungGen      total 28160K, used 28158K [0x00000000eab00000, 0x00000000ed500000, 0x0000000100000000)
  eden space 18432K, 100% used [0x00000000eab00000,0x00000000ebd00000,0x00000000ebd00000)
  from space 9728K, 99% used [0x00000000ebd00000,0x00000000ec67f838,0x00000000ec680000)
  to   space 11264K, 0% used [0x00000000eca00000,0x00000000eca00000,0x00000000ed500000)
 ParOldGen       total 280064K, used 264175K [0x00000000c0000000, 0x00000000d1180000, 0x00000000eab00000)
  object space 280064K, 94% used [0x00000000c0000000,0x00000000d01fbe50,0x00000000d1180000)
 Metaspace       used 79472K, committed 80896K, reserved 1179648K
  class space    used 8496K, committed 9088K, reserved 1048576K
}
Event: 47.205 GC heap after
{Heap after GC invocations=229 (full 11):
 PSYoungGen      total 29184K, used 8378K [0x00000000eab00000, 0x00000000ed280000, 0x0000000100000000)
  eden space 20480K, 0% used [0x00000000eab00000,0x00000000eab00000,0x00000000ebf00000)
  from space 8704K, 96% used [0x00000000eca00000,0x00000000ed22eac0,0x00000000ed280000)
  to   space 9728K, 0% used [0x00000000ebf80000,0x00000000ebf80000,0x00000000ec900000)
 ParOldGen       total 280064K, used 268420K [0x00000000c0000000, 0x00000000d1180000, 0x00000000eab00000)
  object space 280064K, 95% used [0x00000000c0000000,0x00000000d06211f8,0x00000000d1180000)
 Metaspace       used 79472K, committed 80896K, reserved 1179648K
  class space    used 8496K, committed 9088K, reserved 1048576K
}
Event: 47.316 GC heap before
{Heap before GC invocations=230 (full 11):
 PSYoungGen      total 29184K, used 28858K [0x00000000eab00000, 0x00000000ed280000, 0x0000000100000000)
  eden space 20480K, 100% used [0x00000000eab00000,0x00000000ebf00000,0x00000000ebf00000)
  from space 8704K, 96% used [0x00000000eca00000,0x00000000ed22eac0,0x00000000ed280000)
  to   space 9728K, 0% used [0x00000000ebf80000,0x00000000ebf80000,0x00000000ec900000)
 ParOldGen       total 280064K, used 268420K [0x00000000c0000000, 0x00000000d1180000, 0x00000000eab00000)
  object space 280064K, 95% used [0x00000000c0000000,0x00000000d06211f8,0x00000000d1180000)
 Metaspace       used 79479K, committed 80896K, reserved 1179648K
  class space    used 8496K, committed 9088K, reserved 1048576K
}
Event: 47.327 GC heap after
{Heap after GC invocations=230 (full 11):
 PSYoungGen      total 30720K, used 9707K [0x00000000eab00000, 0x00000000ed800000, 0x0000000100000000)
  eden space 20992K, 0% used [0x00000000eab00000,0x00000000eab00000,0x00000000ebf80000)
  from space 9728K, 99% used [0x00000000ebf80000,0x00000000ec8faff0,0x00000000ec900000)
  to   space 11776K, 0% used [0x00000000ecc80000,0x00000000ecc80000,0x00000000ed800000)
 ParOldGen       total 280064K, used 269871K [0x00000000c0000000, 0x00000000d1180000, 0x00000000eab00000)
  object space 280064K, 96% used [0x00000000c0000000,0x00000000d078be60,0x00000000d1180000)
 Metaspace       used 79479K, committed 80896K, reserved 1179648K
  class space    used 8496K, committed 9088K, reserved 1048576K
}
Event: 47.461 GC heap before
{Heap before GC invocations=231 (full 11):
 PSYoungGen      total 30720K, used 30699K [0x00000000eab00000, 0x00000000ed800000, 0x0000000100000000)
  eden space 20992K, 100% used [0x00000000eab00000,0x00000000ebf80000,0x00000000ebf80000)
  from space 9728K, 99% used [0x00000000ebf80000,0x00000000ec8faff0,0x00000000ec900000)
  to   space 11776K, 0% used [0x00000000ecc80000,0x00000000ecc80000,0x00000000ed800000)
 ParOldGen       total 280064K, used 269871K [0x00000000c0000000, 0x00000000d1180000, 0x00000000eab00000)
  object space 280064K, 96% used [0x00000000c0000000,0x00000000d078be60,0x00000000d1180000)
 Metaspace       used 79489K, committed 80896K, reserved 1179648K
  class space    used 8497K, committed 9088K, reserved 1048576K
}
Event: 47.474 GC heap after
{Heap after GC invocations=231 (full 11):
 PSYoungGen      total 32256K, used 8707K [0x00000000eab00000, 0x00000000ed580000, 0x0000000100000000)
  eden space 23040K, 0% used [0x00000000eab00000,0x00000000eab00000,0x00000000ec180000)
  from space 9216K, 94% used [0x00000000ecc80000,0x00000000ed500ea8,0x00000000ed580000)
  to   space 9728K, 0% used [0x00000000ec280000,0x00000000ec280000,0x00000000ecc00000)
 ParOldGen       total 280064K, used 273756K [0x00000000c0000000, 0x00000000d1180000, 0x00000000eab00000)
  object space 280064K, 97% used [0x00000000c0000000,0x00000000d0b57208,0x00000000d1180000)
 Metaspace       used 79489K, committed 80896K, reserved 1179648K
  class space    used 8497K, committed 9088K, reserved 1048576K
}

Dll operation events (12 events):
Event: 0.101 Loaded shared library c:\Users\ingvi\.vscode\extensions\redhat.java-1.36.0-win32-x64\jre\17.0.13-win32-x86_64\bin\java.dll
Event: 0.407 Loaded shared library c:\Users\ingvi\.vscode\extensions\redhat.java-1.36.0-win32-x64\jre\17.0.13-win32-x86_64\bin\zip.dll
Event: 0.427 Loaded shared library C:\Users\ingvi\.vscode\extensions\redhat.java-1.36.0-win32-x64\jre\17.0.13-win32-x86_64\bin\instrument.dll
Event: 0.454 Loaded shared library C:\Users\ingvi\.vscode\extensions\redhat.java-1.36.0-win32-x64\jre\17.0.13-win32-x86_64\bin\net.dll
Event: 0.471 Loaded shared library C:\Users\ingvi\.vscode\extensions\redhat.java-1.36.0-win32-x64\jre\17.0.13-win32-x86_64\bin\nio.dll
Event: 0.502 Loaded shared library C:\Users\ingvi\.vscode\extensions\redhat.java-1.36.0-win32-x64\jre\17.0.13-win32-x86_64\bin\zip.dll
Event: 0.560 Loaded shared library C:\Users\ingvi\.vscode\extensions\redhat.java-1.36.0-win32-x64\jre\17.0.13-win32-x86_64\bin\jimage.dll
Event: 0.734 Loaded shared library c:\Users\ingvi\.vscode\extensions\redhat.java-1.36.0-win32-x64\jre\17.0.13-win32-x86_64\bin\verify.dll
Event: 9.838 Loaded shared library C:\Users\ingvi\AppData\Roaming\Code\User\globalStorage\redhat.java\1.36.0\config_win\org.eclipse.equinox.launcher\org.eclipse.equinox.launcher.win32.win32.x86_64_1.2.1100.v20240722-2106\eclipse_11904.dll
Event: 19.495 Loaded shared library C:\Users\ingvi\AppData\Local\Temp\jna-100349461\jna7064819765079435938.dll
Event: 25.361 Loaded shared library C:\Users\ingvi\.vscode\extensions\redhat.java-1.36.0-win32-x64\jre\17.0.13-win32-x86_64\bin\sunmscapi.dll
Event: 26.148 Loaded shared library C:\Users\ingvi\.vscode\extensions\redhat.java-1.36.0-win32-x64\jre\17.0.13-win32-x86_64\bin\extnet.dll

Deoptimization events (20 events):
Event: 47.404 Thread 0x000001dbda651970 DEOPT PACKING pc=0x000001dbc29ef31a sp=0x0000009cc52fd5d0
Event: 47.404 Thread 0x000001dbda651970 DEOPT UNPACKING pc=0x000001dbc92b6e43 sp=0x0000009cc52fcaa8 mode 0
Event: 47.476 Thread 0x000001dbda651970 DEOPT PACKING pc=0x000001dbc2d00b10 sp=0x0000009cc52fcfa0
Event: 47.476 Thread 0x000001dbda651970 DEOPT UNPACKING pc=0x000001dbc92b6e43 sp=0x0000009cc52fc420 mode 0
Event: 47.546 Thread 0x000001dbda655120 DEOPT PACKING pc=0x000001dbc2ebb13c sp=0x0000009cc53fe410
Event: 47.546 Thread 0x000001dbda655120 DEOPT UNPACKING pc=0x000001dbc92b6e43 sp=0x0000009cc53fd928 mode 0
Event: 47.551 Thread 0x000001dbda651970 DEOPT PACKING pc=0x000001dbc2ea28b1 sp=0x0000009cc52fe470
Event: 47.551 Thread 0x000001dbda651970 DEOPT UNPACKING pc=0x000001dbc92b6e43 sp=0x0000009cc52fd988 mode 0
Event: 47.572 Thread 0x000001dbda655120 Uncommon trap: trap_request=0xffffff45 fr.pc=0x000001dbc9c9717c relative=0x000000000000023c
Event: 47.573 Thread 0x000001dbda655120 Uncommon trap: reason=unstable_if action=reinterpret pc=0x000001dbc9c9717c method=java.util.concurrent.ConcurrentHashMap.addCount(JI)V @ 97 c2
Event: 47.573 Thread 0x000001dbda655120 DEOPT PACKING pc=0x000001dbc9c9717c sp=0x0000009cc53fe3b0
Event: 47.573 Thread 0x000001dbda655120 DEOPT UNPACKING pc=0x000001dbc92b66a3 sp=0x0000009cc53fe2f0 mode 2
Event: 47.635 Thread 0x000001dbdaf830f0 Uncommon trap: trap_request=0xffffff45 fr.pc=0x000001dbc9ccb5a0 relative=0x0000000000000100
Event: 47.635 Thread 0x000001dbdaf830f0 Uncommon trap: reason=unstable_if action=reinterpret pc=0x000001dbc9ccb5a0 method=java.util.ArrayDeque.addFirst(Ljava/lang/Object;)V @ 42 c2
Event: 47.635 Thread 0x000001dbdaf830f0 DEOPT PACKING pc=0x000001dbc9ccb5a0 sp=0x0000009cc37fd230
Event: 47.635 Thread 0x000001dbdaf830f0 DEOPT UNPACKING pc=0x000001dbc92b66a3 sp=0x0000009cc37fd1b0 mode 2
Event: 47.660 Thread 0x000001dbdaf830f0 DEOPT PACKING pc=0x000001dbc1e73c7e sp=0x0000009cc37fcfb0
Event: 47.660 Thread 0x000001dbdaf830f0 DEOPT UNPACKING pc=0x000001dbc92b6e43 sp=0x0000009cc37fc4a0 mode 0
Event: 47.661 Thread 0x000001dbdaf830f0 DEOPT PACKING pc=0x000001dbc26f4cac sp=0x0000009cc37fcc90
Event: 47.662 Thread 0x000001dbdaf830f0 DEOPT UNPACKING pc=0x000001dbc92b6e43 sp=0x0000009cc37fc210 mode 0

Classes loaded (20 events):
Event: 41.973 Loading class org/xml/sax/SAXNotSupportedException
Event: 41.973 Loading class org/xml/sax/SAXNotSupportedException done
Event: 41.985 Loading class org/xml/sax/HandlerBase
Event: 41.985 Loading class org/xml/sax/DocumentHandler
Event: 41.985 Loading class org/xml/sax/DocumentHandler done
Event: 41.986 Loading class org/xml/sax/HandlerBase done
Event: 41.986 Loading class javax/xml/validation/Schema
Event: 41.986 Loading class javax/xml/validation/Schema done
Event: 42.000 Loading class javax/xml/transform/TransformerConfigurationException
Event: 42.000 Loading class javax/xml/transform/TransformerConfigurationException done
Event: 42.007 Loading class com/sun/org/apache/xerces/internal/util/URI
Event: 42.008 Loading class com/sun/org/apache/xerces/internal/util/URI done
Event: 42.010 Loading class com/sun/org/apache/xerces/internal/util/URI$MalformedURIException
Event: 42.010 Loading class com/sun/org/apache/xerces/internal/util/URI$MalformedURIException done
Event: 42.113 Loading class jdk/internal/loader/BootLoader$PackageHelper
Event: 42.113 Loading class jdk/internal/loader/BootLoader$PackageHelper done
Event: 42.291 Loading class java/util/concurrent/CountedCompleter
Event: 42.296 Loading class java/util/concurrent/CountedCompleter done
Event: 47.753 Loading class java/lang/invoke/MethodHandleImpl$CountingWrapper$1
Event: 47.753 Loading class java/lang/invoke/MethodHandleImpl$CountingWrapper$1 done

Classes unloaded (9 events):
Event: 22.293 Thread 0x000001dbd2e17750 Unloading class 0x0000000100258000 'java/lang/invoke/LambdaForm$MH+0x0000000100258000'
Event: 22.293 Thread 0x000001dbd2e17750 Unloading class 0x0000000100253c00 'java/lang/invoke/LambdaForm$MH+0x0000000100253c00'
Event: 22.293 Thread 0x000001dbd2e17750 Unloading class 0x0000000100253800 'java/lang/invoke/LambdaForm$MH+0x0000000100253800'
Event: 22.293 Thread 0x000001dbd2e17750 Unloading class 0x0000000100253400 'java/lang/invoke/LambdaForm$MH+0x0000000100253400'
Event: 22.293 Thread 0x000001dbd2e17750 Unloading class 0x0000000100253000 'java/lang/invoke/LambdaForm$BMH+0x0000000100253000'
Event: 22.293 Thread 0x000001dbd2e17750 Unloading class 0x0000000100252c00 'java/lang/invoke/LambdaForm$DMH+0x0000000100252c00'
Event: 22.293 Thread 0x000001dbd2e17750 Unloading class 0x0000000100250400 'java/lang/invoke/LambdaForm$DMH+0x0000000100250400'
Event: 34.193 Thread 0x000001dbd2e17750 Unloading class 0x00000001007e4c00 'java/lang/invoke/LambdaForm$DMH+0x00000001007e4c00'
Event: 34.193 Thread 0x000001dbd2e17750 Unloading class 0x00000001007e4800 'java/lang/invoke/LambdaForm$DMH+0x00000001007e4800'

Classes redefined (0 events):
No events

Internal exceptions (20 events):
Event: 42.644 Thread 0x000001dbd9b7adf0 Exception <a 'java/lang/NoSuchMethodError'{0x00000000ead3f6c8}: 'java.lang.Object java.lang.invoke.DirectMethodHandle$Holder.newInvokeSpecial(java.lang.Object, int, java.lang.Object, java.lang.Object, java.lang.Object)'> (0x00000000ead3f6c8) 
thrown [s\src\hotspot\share\interpreter\linkResolver.cpp, line 759]
Event: 43.062 Thread 0x000001dbdaf830f0 Exception <a 'sun/nio/fs/WindowsException'{0x00000000eabc5ce8}> (0x00000000eabc5ce8) 
thrown [s\src\hotspot\share\prims\jni.cpp, line 516]
Event: 43.069 Thread 0x000001dbdaf830f0 Exception <a 'sun/nio/fs/WindowsException'{0x00000000eac23628}> (0x00000000eac23628) 
thrown [s\src\hotspot\share\prims\jni.cpp, line 516]
Event: 43.327 Thread 0x000001dbdaf830f0 Exception <a 'sun/nio/fs/WindowsException'{0x00000000eab0b398}> (0x00000000eab0b398) 
thrown [s\src\hotspot\share\prims\jni.cpp, line 516]
Event: 43.327 Thread 0x000001dbdaf830f0 Exception <a 'sun/nio/fs/WindowsException'{0x00000000eab0bab8}> (0x00000000eab0bab8) 
thrown [s\src\hotspot\share\prims\jni.cpp, line 516]
Event: 43.328 Thread 0x000001dbdaf830f0 Exception <a 'sun/nio/fs/WindowsException'{0x00000000eab0d818}> (0x00000000eab0d818) 
thrown [s\src\hotspot\share\prims\jni.cpp, line 516]
Event: 43.328 Thread 0x000001dbdaf830f0 Exception <a 'sun/nio/fs/WindowsException'{0x00000000eab0df38}> (0x00000000eab0df38) 
thrown [s\src\hotspot\share\prims\jni.cpp, line 516]
Event: 44.587 Thread 0x000001dbdaf830f0 Exception <a 'sun/nio/fs/WindowsException'{0x00000000eb7d5268}> (0x00000000eb7d5268) 
thrown [s\src\hotspot\share\prims\jni.cpp, line 516]
Event: 44.593 Thread 0x000001dbdaf830f0 Exception <a 'sun/nio/fs/WindowsException'{0x00000000eb7d7238}> (0x00000000eb7d7238) 
thrown [s\src\hotspot\share\prims\jni.cpp, line 516]
Event: 45.635 Thread 0x000001dbdaf830f0 Exception <a 'sun/nio/fs/WindowsException'{0x00000000eb716e30}> (0x00000000eb716e30) 
thrown [s\src\hotspot\share\prims\jni.cpp, line 516]
Event: 45.637 Thread 0x000001dbda654700 Exception <a 'sun/nio/fs/WindowsException'{0x00000000eb71f1a0}> (0x00000000eb71f1a0) 
thrown [s\src\hotspot\share\prims\jni.cpp, line 516]
Event: 45.637 Thread 0x000001dbda64ebe0 Exception <a 'sun/nio/fs/WindowsException'{0x00000000eb73e7d0}> (0x00000000eb73e7d0) 
thrown [s\src\hotspot\share\prims\jni.cpp, line 516]
Event: 46.046 Thread 0x000001dbdaf830f0 Exception <a 'sun/nio/fs/WindowsException'{0x00000000eb50c260}> (0x00000000eb50c260) 
thrown [s\src\hotspot\share\prims\jni.cpp, line 516]
Event: 46.461 Thread 0x000001dbdaf830f0 Exception <a 'sun/nio/fs/WindowsException'{0x00000000eaf0b130}> (0x00000000eaf0b130) 
thrown [s\src\hotspot\share\prims\jni.cpp, line 516]
Event: 46.461 Thread 0x000001dbdaf830f0 Exception <a 'sun/nio/fs/WindowsException'{0x00000000eaf0b850}> (0x00000000eaf0b850) 
thrown [s\src\hotspot\share\prims\jni.cpp, line 516]
Event: 46.462 Thread 0x000001dbdaf830f0 Exception <a 'sun/nio/fs/WindowsException'{0x00000000eaf0d358}> (0x00000000eaf0d358) 
thrown [s\src\hotspot\share\prims\jni.cpp, line 516]
Event: 46.462 Thread 0x000001dbdaf830f0 Exception <a 'sun/nio/fs/WindowsException'{0x00000000eaf0da78}> (0x00000000eaf0da78) 
thrown [s\src\hotspot\share\prims\jni.cpp, line 516]
Event: 47.777 Thread 0x000001dbdaf830f0 Exception <a 'sun/nio/fs/WindowsException'{0x00000000ec075578}> (0x00000000ec075578) 
thrown [s\src\hotspot\share\prims\jni.cpp, line 516]
Event: 47.781 Thread 0x000001dbdaf830f0 Exception <a 'sun/nio/fs/WindowsException'{0x00000000ec0771b0}> (0x00000000ec0771b0) 
thrown [s\src\hotspot\share\prims\jni.cpp, line 516]
Event: 47.785 Thread 0x000001dbdaf830f0 Exception <a 'sun/nio/fs/WindowsException'{0x00000000ec079020}> (0x00000000ec079020) 
thrown [s\src\hotspot\share\prims\jni.cpp, line 516]

VM Operations (20 events):
Event: 46.417 Executing VM operation: ParallelGCFailedAllocation
Event: 46.425 Executing VM operation: ParallelGCFailedAllocation done
Event: 46.532 Executing VM operation: ParallelGCFailedAllocation
Event: 46.544 Executing VM operation: ParallelGCFailedAllocation done
Event: 46.629 Executing VM operation: ParallelGCFailedAllocation
Event: 46.638 Executing VM operation: ParallelGCFailedAllocation done
Event: 46.712 Executing VM operation: ParallelGCFailedAllocation
Event: 46.722 Executing VM operation: ParallelGCFailedAllocation done
Event: 46.805 Executing VM operation: ParallelGCFailedAllocation
Event: 46.816 Executing VM operation: ParallelGCFailedAllocation done
Event: 46.890 Executing VM operation: ParallelGCFailedAllocation
Event: 46.902 Executing VM operation: ParallelGCFailedAllocation done
Event: 47.048 Executing VM operation: ParallelGCFailedAllocation
Event: 47.060 Executing VM operation: ParallelGCFailedAllocation done
Event: 47.194 Executing VM operation: ParallelGCFailedAllocation
Event: 47.205 Executing VM operation: ParallelGCFailedAllocation done
Event: 47.316 Executing VM operation: ParallelGCFailedAllocation
Event: 47.328 Executing VM operation: ParallelGCFailedAllocation done
Event: 47.461 Executing VM operation: ParallelGCFailedAllocation
Event: 47.474 Executing VM operation: ParallelGCFailedAllocation done

Memory protections (0 events):
No events

Nmethod flushes (20 events):
Event: 36.123 Thread 0x000001dbd80664f0 flushing  nmethod 0x000001dbc2e5e890
Event: 36.123 Thread 0x000001dbd80664f0 flushing  nmethod 0x000001dbc2e90a10
Event: 36.123 Thread 0x000001dbd80664f0 flushing  nmethod 0x000001dbc2ea3490
Event: 36.123 Thread 0x000001dbd80664f0 flushing  nmethod 0x000001dbc2ea7010
Event: 43.414 Thread 0x000001dbd80664f0 flushing  nmethod 0x000001dbc1e7af90
Event: 43.444 Thread 0x000001dbd80664f0 flushing  nmethod 0x000001dbc2c7a810
Event: 43.445 Thread 0x000001dbd80664f0 flushing  nmethod 0x000001dbc2d28d90
Event: 43.445 Thread 0x000001dbd80664f0 flushing  nmethod 0x000001dbc2d3ea10
Event: 43.445 Thread 0x000001dbd80664f0 flushing  nmethod 0x000001dbc2d40810
Event: 43.446 Thread 0x000001dbd80664f0 flushing  nmethod 0x000001dbc2d68d90
Event: 43.446 Thread 0x000001dbd80664f0 flushing  nmethod 0x000001dbc2d69210
Event: 43.446 Thread 0x000001dbd80664f0 flushing  nmethod 0x000001dbc2d8a690
Event: 43.446 Thread 0x000001dbd80664f0 flushing  nmethod 0x000001dbc2da2a90
Event: 43.446 Thread 0x000001dbd80664f0 flushing  nmethod 0x000001dbc2da3290
Event: 43.446 Thread 0x000001dbd80664f0 flushing  nmethod 0x000001dbc2da3710
Event: 43.447 Thread 0x000001dbd80664f0 flushing  nmethod 0x000001dbc2db1190
Event: 43.447 Thread 0x000001dbd80664f0 flushing  nmethod 0x000001dbc2db4090
Event: 43.447 Thread 0x000001dbd80664f0 flushing  nmethod 0x000001dbc2dc8d10
Event: 43.447 Thread 0x000001dbd80664f0 flushing  nmethod 0x000001dbc2de9990
Event: 43.447 Thread 0x000001dbd80664f0 flushing  nmethod 0x000001dbc2e11d90

Events (20 events):
Event: 44.647 Thread 0x000001dbdaf830f0 Thread added: 0x000001dbda64f600
Event: 44.647 Thread 0x000001dbdaf830f0 Thread added: 0x000001dbda653ce0
Event: 44.648 Thread 0x000001dbdaf830f0 Thread added: 0x000001dbda656050
Event: 44.648 Thread 0x000001dbdaf830f0 Thread added: 0x000001dbda650a40
Event: 44.649 Thread 0x000001dbdaf830f0 Thread added: 0x000001dbda650530
Event: 45.164 Thread 0x000001dbda656050 Thread exited: 0x000001dbda656050
Event: 45.164 Thread 0x000001dbda650a40 Thread exited: 0x000001dbda650a40
Event: 45.164 Thread 0x000001dbda650530 Thread exited: 0x000001dbda650530
Event: 45.165 Thread 0x000001dbda64f600 Thread exited: 0x000001dbda64f600
Event: 45.165 Thread 0x000001dbda653ce0 Thread exited: 0x000001dbda653ce0
Event: 47.181 Thread 0x000001dbdaf830f0 Thread added: 0x000001dbda651970
Event: 47.182 Thread 0x000001dbdaf830f0 Thread added: 0x000001dbda655120
Event: 47.182 Thread 0x000001dbdaf830f0 Thread added: 0x000001dbda656050
Event: 47.183 Thread 0x000001dbdaf830f0 Thread added: 0x000001dbda650530
Event: 47.183 Thread 0x000001dbdaf830f0 Thread added: 0x000001dbda64f0f0
Event: 47.630 Thread 0x000001dbda64f0f0 Thread exited: 0x000001dbda64f0f0
Event: 47.630 Thread 0x000001dbda655120 Thread exited: 0x000001dbda655120
Event: 47.630 Thread 0x000001dbda651970 Thread exited: 0x000001dbda651970
Event: 47.630 Thread 0x000001dbda650530 Thread exited: 0x000001dbda650530
Event: 47.650 Thread 0x000001dbda656050 Thread exited: 0x000001dbda656050


Dynamic libraries:
0x00007ff654960000 - 0x00007ff65496e000 	c:\Users\ingvi\.vscode\extensions\redhat.java-1.36.0-win32-x64\jre\17.0.13-win32-x86_64\bin\java.exe
0x00007ffa66090000 - 0x00007ffa662a7000 	C:\WINDOWS\SYSTEM32\ntdll.dll
0x00007ffa641d0000 - 0x00007ffa64294000 	C:\WINDOWS\System32\KERNEL32.DLL
0x00007ffa638a0000 - 0x00007ffa63c57000 	C:\WINDOWS\System32\KERNELBASE.dll
0x00007ffa634c0000 - 0x00007ffa635d1000 	C:\WINDOWS\System32\ucrtbase.dll
0x00007ffa0f820000 - 0x00007ffa0f83e000 	c:\Users\ingvi\.vscode\extensions\redhat.java-1.36.0-win32-x64\jre\17.0.13-win32-x86_64\bin\VCRUNTIME140.dll
0x00007ffa0efa0000 - 0x00007ffa0efb7000 	c:\Users\ingvi\.vscode\extensions\redhat.java-1.36.0-win32-x64\jre\17.0.13-win32-x86_64\bin\jli.dll
0x00007ffa63dc0000 - 0x00007ffa63f6f000 	C:\WINDOWS\System32\USER32.dll
0x00007ffa49a40000 - 0x00007ffa49cd3000 	C:\WINDOWS\WinSxS\amd64_microsoft.windows.common-controls_6595b64144ccf1df_6.0.22621.3672_none_2713b9d173822955\COMCTL32.dll
0x00007ffa65440000 - 0x00007ffa654e7000 	C:\WINDOWS\System32\msvcrt.dll
0x00007ffa635e0000 - 0x00007ffa63606000 	C:\WINDOWS\System32\win32u.dll
0x00007ffa65380000 - 0x00007ffa653a9000 	C:\WINDOWS\System32\GDI32.dll
0x00007ffa633a0000 - 0x00007ffa634b8000 	C:\WINDOWS\System32\gdi32full.dll
0x00007ffa63d20000 - 0x00007ffa63dba000 	C:\WINDOWS\System32\msvcp_win.dll
0x00007ffa66010000 - 0x00007ffa66041000 	C:\WINDOWS\System32\IMM32.DLL
0x00007ffa39780000 - 0x00007ffa3978c000 	c:\Users\ingvi\.vscode\extensions\redhat.java-1.36.0-win32-x64\jre\17.0.13-win32-x86_64\bin\vcruntime140_1.dll
0x00007ff9eb170000 - 0x00007ff9eb1fd000 	c:\Users\ingvi\.vscode\extensions\redhat.java-1.36.0-win32-x64\jre\17.0.13-win32-x86_64\bin\msvcp140.dll
0x00007ff9ea500000 - 0x00007ff9eb16b000 	c:\Users\ingvi\.vscode\extensions\redhat.java-1.36.0-win32-x64\jre\17.0.13-win32-x86_64\bin\server\jvm.dll
0x00007ffa65f50000 - 0x00007ffa66002000 	C:\WINDOWS\System32\ADVAPI32.dll
0x00007ffa63f70000 - 0x00007ffa64018000 	C:\WINDOWS\System32\sechost.dll
0x00007ffa63610000 - 0x00007ffa63638000 	C:\WINDOWS\System32\bcrypt.dll
0x00007ffa64030000 - 0x00007ffa64144000 	C:\WINDOWS\System32\RPCRT4.dll
0x00007ffa653c0000 - 0x00007ffa65431000 	C:\WINDOWS\System32\WS2_32.dll
0x00007ffa63270000 - 0x00007ffa632bd000 	C:\WINDOWS\SYSTEM32\POWRPROF.dll
0x00007ffa5a5e0000 - 0x00007ffa5a614000 	C:\WINDOWS\SYSTEM32\WINMM.dll
0x00007ffa599a0000 - 0x00007ffa599aa000 	C:\WINDOWS\SYSTEM32\VERSION.dll
0x00007ffa63250000 - 0x00007ffa63263000 	C:\WINDOWS\SYSTEM32\UMPDC.dll
0x00007ffa623c0000 - 0x00007ffa623d8000 	C:\WINDOWS\SYSTEM32\kernel.appcore.dll
0x00007ffa37a70000 - 0x00007ffa37a7a000 	c:\Users\ingvi\.vscode\extensions\redhat.java-1.36.0-win32-x64\jre\17.0.13-win32-x86_64\bin\jimage.dll
0x00007ffa60c10000 - 0x00007ffa60e42000 	C:\WINDOWS\SYSTEM32\DBGHELP.DLL
0x00007ffa65ab0000 - 0x00007ffa65e3e000 	C:\WINDOWS\System32\combase.dll
0x00007ffa65140000 - 0x00007ffa65217000 	C:\WINDOWS\System32\OLEAUT32.dll
0x00007ffa4abe0000 - 0x00007ffa4ac12000 	C:\WINDOWS\SYSTEM32\dbgcore.DLL
0x00007ffa63820000 - 0x00007ffa6389b000 	C:\WINDOWS\System32\bcryptPrimitives.dll
0x00007ffa3c6a0000 - 0x00007ffa3c6ae000 	c:\Users\ingvi\.vscode\extensions\redhat.java-1.36.0-win32-x64\jre\17.0.13-win32-x86_64\bin\instrument.dll
0x00007ffa3c670000 - 0x00007ffa3c695000 	c:\Users\ingvi\.vscode\extensions\redhat.java-1.36.0-win32-x64\jre\17.0.13-win32-x86_64\bin\java.dll
0x00007ffa08390000 - 0x00007ffa083a8000 	c:\Users\ingvi\.vscode\extensions\redhat.java-1.36.0-win32-x64\jre\17.0.13-win32-x86_64\bin\zip.dll
0x00007ffa64710000 - 0x00007ffa64f79000 	C:\WINDOWS\System32\SHELL32.dll
0x00007ffa612c0000 - 0x00007ffa61bbf000 	C:\WINDOWS\SYSTEM32\windows.storage.dll
0x00007ffa61180000 - 0x00007ffa612bf000 	C:\WINDOWS\SYSTEM32\wintypes.dll
0x00007ffa64410000 - 0x00007ffa64509000 	C:\WINDOWS\System32\SHCORE.dll
0x00007ffa643b0000 - 0x00007ffa6440e000 	C:\WINDOWS\System32\shlwapi.dll
0x00007ffa632d0000 - 0x00007ffa632f7000 	C:\WINDOWS\SYSTEM32\profapi.dll
0x00007ffa08370000 - 0x00007ffa08389000 	C:\Users\ingvi\.vscode\extensions\redhat.java-1.36.0-win32-x64\jre\17.0.13-win32-x86_64\bin\net.dll
0x00007ffa5f8b0000 - 0x00007ffa5f9e6000 	C:\WINDOWS\SYSTEM32\WINHTTP.dll
0x00007ffa62840000 - 0x00007ffa628a9000 	C:\WINDOWS\system32\mswsock.dll
0x00007ffa081d0000 - 0x00007ffa081e6000 	C:\Users\ingvi\.vscode\extensions\redhat.java-1.36.0-win32-x64\jre\17.0.13-win32-x86_64\bin\nio.dll
0x00007ffa37700000 - 0x00007ffa37710000 	c:\Users\ingvi\.vscode\extensions\redhat.java-1.36.0-win32-x64\jre\17.0.13-win32-x86_64\bin\verify.dll
0x00007ffa1c4a0000 - 0x00007ffa1c4e5000 	C:\Users\ingvi\AppData\Roaming\Code\User\globalStorage\redhat.java\1.36.0\config_win\org.eclipse.equinox.launcher\org.eclipse.equinox.launcher.win32.win32.x86_64_1.2.1100.v20240722-2106\eclipse_11904.dll
0x00007ffa64560000 - 0x00007ffa64705000 	C:\WINDOWS\System32\ole32.dll
0x00007ffa62ab0000 - 0x00007ffa62acb000 	C:\WINDOWS\SYSTEM32\CRYPTSP.dll
0x00007ffa62320000 - 0x00007ffa62355000 	C:\WINDOWS\system32\rsaenh.dll
0x00007ffa62950000 - 0x00007ffa62978000 	C:\WINDOWS\SYSTEM32\USERENV.dll
0x00007ffa62ad0000 - 0x00007ffa62adc000 	C:\WINDOWS\SYSTEM32\CRYPTBASE.dll
0x00007ffa61e10000 - 0x00007ffa61e3d000 	C:\WINDOWS\SYSTEM32\IPHLPAPI.DLL
0x00007ffa653b0000 - 0x00007ffa653b9000 	C:\WINDOWS\System32\NSI.dll
0x00007ffa5f1b0000 - 0x00007ffa5f1c9000 	C:\WINDOWS\SYSTEM32\dhcpcsvc6.DLL
0x00007ffa5f0f0000 - 0x00007ffa5f10f000 	C:\WINDOWS\SYSTEM32\dhcpcsvc.DLL
0x00007ffa61e40000 - 0x00007ffa61f42000 	C:\WINDOWS\SYSTEM32\DNSAPI.dll
0x00007ffa5e0d0000 - 0x00007ffa5e119000 	C:\Users\ingvi\AppData\Local\Temp\jna-100349461\jna7064819765079435938.dll
0x00007ffa643a0000 - 0x00007ffa643a8000 	C:\WINDOWS\System32\PSAPI.DLL
0x00007ffa5ecd0000 - 0x00007ffa5ecde000 	C:\Users\ingvi\.vscode\extensions\redhat.java-1.36.0-win32-x64\jre\17.0.13-win32-x86_64\bin\sunmscapi.dll
0x00007ffa636b0000 - 0x00007ffa63816000 	C:\WINDOWS\System32\CRYPT32.dll
0x00007ffa62c70000 - 0x00007ffa62c9d000 	C:\WINDOWS\SYSTEM32\ncrypt.dll
0x00007ffa62c30000 - 0x00007ffa62c67000 	C:\WINDOWS\SYSTEM32\NTASN1.dll
0x00007ffa5f1a0000 - 0x00007ffa5f1aa000 	C:\Windows\System32\rasadhlp.dll
0x00007ffa5e930000 - 0x00007ffa5e9b3000 	C:\WINDOWS\System32\fwpuclnt.dll
0x00007ffa5ecc0000 - 0x00007ffa5ecc9000 	C:\Users\ingvi\.vscode\extensions\redhat.java-1.36.0-win32-x64\jre\17.0.13-win32-x86_64\bin\extnet.dll
0x00007ffa624e0000 - 0x00007ffa62514000 	C:\WINDOWS\SYSTEM32\ntmarta.dll

dbghelp: loaded successfully - version: 4.0.5 - missing functions: none
symbol engine: initialized successfully - sym options: 0x614 - pdb path: .;c:\Users\ingvi\.vscode\extensions\redhat.java-1.36.0-win32-x64\jre\17.0.13-win32-x86_64\bin;C:\WINDOWS\SYSTEM32;C:\WINDOWS\WinSxS\amd64_microsoft.windows.common-controls_6595b64144ccf1df_6.0.22621.3672_none_2713b9d173822955;c:\Users\ingvi\.vscode\extensions\redhat.java-1.36.0-win32-x64\jre\17.0.13-win32-x86_64\bin\server;C:\Users\ingvi\AppData\Roaming\Code\User\globalStorage\redhat.java\1.36.0\config_win\org.eclipse.equinox.launcher\org.eclipse.equinox.launcher.win32.win32.x86_64_1.2.1100.v20240722-2106;C:\Users\ingvi\AppData\Local\Temp\jna-100349461

VM Arguments:
jvm_args: --add-modules=ALL-SYSTEM --add-opens=java.base/java.util=ALL-UNNAMED --add-opens=java.base/java.lang=ALL-UNNAMED --add-opens=java.base/sun.nio.fs=ALL-UNNAMED -Declipse.application=org.eclipse.jdt.ls.core.id1 -Dosgi.bundles.defaultStartLevel=4 -Declipse.product=org.eclipse.jdt.ls.core.product -Djava.import.generatesMetadataFilesAtProjectRoot=false -DDetectVMInstallationsJob.disabled=true -Dfile.encoding=utf8 -XX:+UseParallelGC -XX:GCTimeRatio=4 -XX:AdaptiveSizePolicyWeight=90 -Dsun.zip.disableMemoryMapping=true -Xmx1G -Xms100m -Xlog:disable -javaagent:c:\Users\ingvi\.vscode\extensions\redhat.java-1.36.0-win32-x64\lombok\lombok-1.18.35.jar -XX:+HeapDumpOnOutOfMemoryError -XX:HeapDumpPath=c:\Users\ingvi\AppData\Roaming\Code\User\workspaceStorage\9267769af978df2661b13af518fe3b8c\redhat.java -Daether.dependencyCollector.impl=bf 
java_command: c:\Users\ingvi\.vscode\extensions\redhat.java-1.36.0-win32-x64\server\plugins\org.eclipse.equinox.launcher_1.6.900.v20240613-2009.jar -configuration c:\Users\ingvi\AppData\Roaming\Code\User\globalStorage\redhat.java\1.36.0\config_win -data c:\Users\ingvi\AppData\Roaming\Code\User\workspaceStorage\9267769af978df2661b13af518fe3b8c\redhat.java\jdt_ws --pipe=\\.\pipe\lsp-f395d6ea8205321e1931816c5ca313f2-sock
java_class_path (initial): c:\Users\ingvi\.vscode\extensions\redhat.java-1.36.0-win32-x64\server\plugins\org.eclipse.equinox.launcher_1.6.900.v20240613-2009.jar
Launcher Type: SUN_STANDARD

[Global flags]
    uintx AdaptiveSizePolicyWeight                 = 90                                        {product} {command line}
     intx CICompilerCount                          = 4                                         {product} {ergonomic}
    uintx GCTimeRatio                              = 4                                         {product} {command line}
     bool HeapDumpOnOutOfMemoryError               = true                                   {manageable} {command line}
    ccstr HeapDumpPath                             = c:\Users\ingvi\AppData\Roaming\Code\User\workspaceStorage\9267769af978df2661b13af518fe3b8c\redhat.java         {manageable} {command line}
   size_t InitialHeapSize                          = 104857600                                 {product} {command line}
   size_t MaxHeapSize                              = 1073741824                                {product} {command line}
   size_t MaxNewSize                               = 357564416                                 {product} {ergonomic}
   size_t MinHeapDeltaBytes                        = 524288                                    {product} {ergonomic}
   size_t MinHeapSize                              = 104857600                                 {product} {command line}
   size_t NewSize                                  = 34603008                                  {product} {ergonomic}
    uintx NonNMethodCodeHeapSize                   = 5839372                                {pd product} {ergonomic}
    uintx NonProfiledCodeHeapSize                  = 122909434                              {pd product} {ergonomic}
   size_t OldSize                                  = 70254592                                  {product} {ergonomic}
    uintx ProfiledCodeHeapSize                     = 122909434                              {pd product} {ergonomic}
    uintx ReservedCodeCacheSize                    = 251658240                              {pd product} {ergonomic}
     bool SegmentedCodeCache                       = true                                      {product} {ergonomic}
   size_t SoftMaxHeapSize                          = 1073741824                             {manageable} {ergonomic}
     bool UseCompressedClassPointers               = true                           {product lp64_product} {ergonomic}
     bool UseCompressedOops                        = true                           {product lp64_product} {ergonomic}
     bool UseLargePagesIndividualAllocation        = false                                  {pd product} {ergonomic}
     bool UseParallelGC                            = true                                      {product} {command line}

Logging:
Log output configuration:
 #0: stdout all=off uptime,level,tags
 #1: stderr all=off uptime,level,tags

Environment Variables:
JAVA_HOME=C:\Program Files\Eclipse Adoptium\jdk-21.0.1.12-hotspot\
PATH=C:\Program Files\Eclipse Adoptium\jdk-21.0.1.12-hotspot\bin;C:\WINDOWS\system32;C:\WINDOWS;C:\WINDOWS\System32\Wbem;C:\WINDOWS\System32\WindowsPowerShell\v1.0\;C:\WINDOWS\System32\OpenSSH\;C:\Program Files\Git\cmd;C:\Program Files\nodejs\;C:\Program Files\apache-maven-3.9.6-bin\apache-maven-3.9.6\bin;C:\Users\ingvi\AppData\Local\Microsoft\WindowsApps;;C:\Users\ingvi\AppData\Local\Programs\Microsoft VS Code\bin;C:\Users\ingvi\AppData\Roaming\npm
USERNAME=ingvi
OS=Windows_NT
PROCESSOR_IDENTIFIER=AMD64 Family 23 Model 24 Stepping 1, AuthenticAMD
TMP=C:\Users\ingvi\AppData\Local\Temp
TEMP=C:\Users\ingvi\AppData\Local\Temp



Periodic native trim disabled


---------------  S Y S T E M  ---------------

OS:
 Windows 11 , 64 bit Build 22621 (10.0.22621.3958)
OS uptime: 1 days 1:21 hours
Hyper-V role detected

CPU: total 8 (initial active 8) (8 cores per cpu, 2 threads per core) family 23 model 24 stepping 1 microcode 0x0, cx8, cmov, fxsr, ht, mmx, 3dnowpref, sse, sse2, sse3, ssse3, sse4a, sse4.1, sse4.2, popcnt, lzcnt, tsc, tscinvbit, avx, avx2, aes, clmul, bmi1, bmi2, adx, sha, fma, vzeroupper, clflush, clflushopt, hv
Processor Information for all 8 processors :
  Max Mhz: 2300, Current Mhz: 2300, Mhz Limit: 2300

Memory: 4k page, system-wide physical 14210M (453M free)
TotalPageFile size 57218M (AvailPageFile size 5M)
current process WorkingSet (physical memory assigned to process): 657M, peak: 664M
current process commit charge ("private bytes"): 599M, peak: 606M

vm_info: OpenJDK 64-Bit Server VM (17.0.13+11) for windows-amd64 JRE (17.0.13+11), built on Oct 16 2024 00:10:08 by "admin" with MS VC++ 17.7 (VS2022)

END.
